<?xml version="1.0" encoding="UTF-8"?>
<testng-results ignored="0" total="1" passed="1" failed="0" skipped="0">
  <reporter-output>
  </reporter-output>
  <suite started-at="2025-04-15T16:57:50 IST" name="Suite" finished-at="2025-04-15T16:57:57 IST" duration-ms="6258">
    <groups>
    </groups>
    <test started-at="2025-04-15T16:57:50 IST" name="Test" finished-at="2025-04-15T16:57:57 IST" duration-ms="6258">
      <class name="testCases.tc_01_Registrationpage">
        <test-method is-config="true" signature="setup(java.lang.String)[pri:0, instance:testCases.tc_01_Registrationpage@7d446ed1]" started-at="2025-04-15T16:57:50 IST" name="setup" finished-at="2025-04-15T16:57:52 IST" duration-ms="1737" status="PASS">
          <params>
            <param index="0">
              <value>
                <![CDATA[chrome]]>
              </value>
            </param>
          </params>
          <reporter-output>
          </reporter-output>
        </test-method> <!-- setup -->
        <test-method signature="testcase()[pri:0, instance:testCases.tc_01_Registrationpage@7d446ed1]" started-at="2025-04-15T16:57:52 IST" name="testcase" finished-at="2025-04-15T16:57:56 IST" duration-ms="4428" status="PASS">
          <reporter-output>
          </reporter-output>
        </test-method> <!-- testcase -->
        <test-method is-config="true" signature="teardown()[pri:0, instance:testCases.tc_01_Registrationpage@7d446ed1]" started-at="2025-04-15T16:57:56 IST" name="teardown" finished-at="2025-04-15T16:57:57 IST" duration-ms="73" status="PASS">
          <reporter-output>
          </reporter-output>
        </test-method> <!-- teardown -->
      </class> <!-- testCases.tc_01_Registrationpage -->
    </test> <!-- Test -->
  </suite> <!-- Suite -->
</testng-results>
